<?xml version="1.0" encoding="UTF-8"?>
<!-- Generated by org.testng.reporters.JUnitXMLReporter -->
<testsuite ignored="0" hostname="DESKTOP-U5PV2QM" failures="0" tests="2" name="Test" time="0.2" errors="0" timestamp="2024-10-10T16:50:45 EDT">
  <testcase classname="vaibhav.testcomponents.BaseTest" name="@BeforeMethod landingPage" time="0.045">
    <failure type="org.openqa.selenium.remote.NoSuchDriverException" message="Unable to obtain: chromedriver, error chromedriver must exist: \usr\local\bin\chromedriver
For documentation on this error, please visit: https://www.selenium.dev/documentation/webdriver/troubleshooting/errors/driver_location/
Build info: version: &amp;apos;4.25.0&amp;apos;, revision: &amp;apos;8a8aea2337&amp;apos;
System info: os.name: &amp;apos;Windows 11&amp;apos;, os.arch: &amp;apos;amd64&amp;apos;, os.version: &amp;apos;10.0&amp;apos;, java.version: &amp;apos;21.0.3&amp;apos;
Driver info: driver.version: ChromeDriver">
      <![CDATA[org.openqa.selenium.remote.NoSuchDriverException: Unable to obtain: chromedriver, error chromedriver must exist: \usr\local\bin\chromedriver
For documentation on this error, please visit: https://www.selenium.dev/documentation/webdriver/troubleshooting/errors/driver_location/
Build info: version: '4.25.0', revision: '8a8aea2337'
System info: os.name: 'Windows 11', os.arch: 'amd64', os.version: '10.0', java.version: '21.0.3'
Driver info: driver.version: ChromeDriver
at org.openqa.selenium.remote.service.DriverFinder.getBinaryPaths(DriverFinder.java:121)
at org.openqa.selenium.remote.service.DriverFinder.getDriverPath(DriverFinder.java:55)
at org.openqa.selenium.chrome.ChromeDriver.generateExecutor(ChromeDriver.java:99)
at org.openqa.selenium.chrome.ChromeDriver.<init>(ChromeDriver.java:88)
at org.openqa.selenium.chrome.ChromeDriver.<init>(ChromeDriver.java:83)
at org.openqa.selenium.chrome.ChromeDriver.<init>(ChromeDriver.java:72)
at vaibhav.testcomponents.BaseTest.initializeDriver(BaseTest.java:44)
at vaibhav.testcomponents.BaseTest.landingPage(BaseTest.java:58)
at java.base/java.util.ArrayList.forEach(ArrayList.java:1596)
Caused by: java.lang.IllegalStateException: chromedriver must exist: \usr\local\bin\chromedriver
at org.openqa.selenium.internal.Require$PathStateChecker.isExecutable(Require.java:478)
at org.openqa.selenium.remote.service.DriverFinder.getBinaryPaths(DriverFinder.java:118)
... 41 more
... Removed 33 stack frames]]>
    </failure>
  </testcase> <!-- @BeforeMethod landingPage -->
  <testcase classname="vaibhav.testcomponents.BaseTest" name="@AfterMethod afterExecution" time="0.0">
    <skipped/>
  </testcase> <!-- @AfterMethod afterExecution -->
  <testcase classname="vaibhav.testcomponents.BaseTest" name="@BeforeMethod landingPage" time="0.0">
    <skipped/>
  </testcase> <!-- @BeforeMethod landingPage -->
  <testcase classname="vaibhav.testcomponents.BaseTest" name="@AfterMethod afterExecution" time="0.0">
    <skipped/>
  </testcase> <!-- @AfterMethod afterExecution -->
  <testcase classname="vaibhav.tests.StandaloneTest" name="standaloneTest" time="0.0">
    <skipped/>
  </testcase> <!-- standaloneTest -->
  <testcase classname="vaibhav.tests.StandaloneTest" name="standaloneTest" time="0.0">
    <skipped/>
  </testcase> <!-- standaloneTest -->
</testsuite> <!-- Test -->
